<?xml version="1.0" encoding="UTF-8"?>
<testng-results ignored="0" total="1" passed="1" failed="0" skipped="0">
  <reporter-output>
  </reporter-output>
  <suite started-at="2024-12-06T11:52:30 IST" name="Default suite" finished-at="2024-12-06T11:52:44 IST" duration-ms="14007">
    <groups>
    </groups>
    <test started-at="2024-12-06T11:52:30 IST" name="Default test" finished-at="2024-12-06T11:52:44 IST" duration-ms="14007">
      <class name="testNG.Softassert_testng">
        <test-method signature="signup()[pri:0, instance:testNG.Softassert_testng@6e0f5f7f]" started-at="2024-12-06T11:52:30 IST" name="signup" finished-at="2024-12-06T11:52:44 IST" duration-ms="13955" status="PASS">
          <reporter-output>
          </reporter-output>
        </test-method> <!-- signup -->
      </class> <!-- testNG.Softassert_testng -->
    </test> <!-- Default test -->
  </suite> <!-- Default suite -->
</testng-results>
