<?xml version="1.0" encoding="UTF-8"?>
<!-- Generated by org.testng.reporters.JUnitXMLReporter -->
<testsuite ignored="0" hostname="DESKTOP-OM0BBB8" failures="0" tests="7" name="Test" time="15.621" errors="0" timestamp="2024-11-28T12:05:07 IST">
  <testcase classname="BasicFramework.Testcase01" name="usn" time="0.161"/>
  <testcase classname="BasicFramework.Testcase03" name="title" time="0.012"/>
  <testcase classname="BasicFramework.Testcase02" name="psw" time="0.097"/>
  <testcase classname="BasicFramework.Testcase05" name="forgotpsw" time="0.07"/>
  <testcase classname="BasicFramework.Testcase04" name="login" time="0.077"/>
  <testcase classname="BasicFramework.Testcase07" name="url" time="0.016"/>
  <testcase classname="BasicFramework.Testcase06" name="create" time="0.115"/>
</testsuite> <!-- Test -->
